[12/08/2020 07:45:44] 123 submitted b'flag{I_Love_Jnvc}' with kpm 0 [WRONG]
[12/08/2020 07:45:49] 123 submitted b'flag{I_Love_Jnvc}' with kpm 1 [WRONG]
[12/08/2020 07:46:05] 123 submitted b'flag{I_Love_Jnvc}' with kpm 2 [WRONG]
[12/08/2020 07:47:08] jnvc-beigui submitted b'flag{I_Love_Jnvc}' with kpm 0 [WRONG]
[12/08/2020 07:48:43] 123 submitted b'flag{I_Love_Jnvc}' with kpm 0 [WRONG]
[12/08/2020 07:51:04] 123 submitted b'flag{I_Love_Jnvc}' with kpm 0 [WRONG]
[12/08/2020 07:52:23] jnvc-beigui submitted b'flag{I_Love_Jnvc}' with kpm 0 [CORRECT]
[12/08/2020 07:52:43] 123 submitted b'flag{I_Love_Jnvc}' with kpm 0 [CORRECT]
[12/08/2020 07:52:47] 123 submitted b'' with kpm 0 [ALREADY SOLVED]
[12/08/2020 07:52:53] 123 submitted b'flag{I_Love_Jnvc}' with kpm 0 [ALREADY SOLVED]
[12/08/2020 08:39:34] jnvc-beigui submitted b'flag{d3x _n1 u p1 _x1e _x1}' with kpm 0 [WRONG]
[12/08/2020 08:40:02] jnvc-beigui submitted b'flag{d3x_n1up1_x1e_x1}' with kpm 1 [CORRECT]
[12/09/2020 06:22:54] 刘光栋 submitted b'flag{94bf9761895d23d07518fa4a13e93c61} ' with kpm 0 [WRONG]
[12/09/2020 06:23:06] 刘光栋 submitted b'flag{94bf9761895d23d07518fa4a13e93c61} ' with kpm 1 [WRONG]
[12/09/2020 06:23:24] 刘光栋 submitted b'flag{94bf9761895d23d07518fa4a13e93c61}' with kpm 2 [WRONG]
[12/09/2020 06:25:59] 刘光栋 submitted b'flag{94bf9761895d23d07518fa4a13e93c61}' with kpm 0 [WRONG]
[12/09/2020 06:26:58] 刘光栋 submitted b'flag{94bf9761895d23d07518fa4a13e93c61}' with kpm 1 [CORRECT]
[06/15/2021 11:17:04] 宋镇 submitted b'' with kpm 0 [WRONG]
[06/15/2021 11:23:16] 张建伟 submitted b'' with kpm 0 [WRONG]
[06/15/2021 11:26:11] 齐恒 submitted b'h}cn{i_KqNgxL_xp' with kpm 0 [WRONG]
[06/15/2021 11:28:18] 宋镇 submitted b'flag{099fb995346f31c749f6e40db0f395e3}' with kpm 0 [CORRECT]
[06/15/2021 11:28:34] 宋镇 submitted b'flag{099fb995346f31c749f6e40db0f395e3}' with kpm 0 [ALREADY SOLVED]
[06/15/2021 11:28:38] 宋镇 submitted b'flag{099fb995346f31c749f6e40db0f395e3}' with kpm 0 [ALREADY SOLVED]
[06/15/2021 11:36:51] 张建伟 submitted b'hc{_qgLx}' with kpm 0 [WRONG]
[06/15/2021 11:52:35] 宋镇 submitted b'flag{abGmNl7LXT3nFhnfTcHGhU9=}' with kpm 0 [WRONG]
[06/15/2021 11:52:39] 宋镇 submitted b'flag{abGmNl7LXT3nFhnfTcHGhU9=}' with kpm 1 [WRONG]
[06/15/2021 11:52:46] 齐恒 submitted b'flag{I_LOVE_JNVC}' with kpm 0 [WRONG]
[06/15/2021 11:52:51] 宋镇 submitted b'flag{abGmNl7LXT3nFhnfTcHGhU9=}' with kpm 2 [WRONG]
[06/15/2021 11:52:59] 齐恒 submitted b'flag{I_Love_jnvc}' with kpm 1 [WRONG]
[06/15/2021 11:53:07] 齐恒 submitted b'flag{i_love_jnvc}' with kpm 2 [WRONG]
[06/15/2021 11:53:19] 齐恒 submitted b'flag{ilovejnvc}' with kpm 3 [WRONG]
[06/15/2021 11:54:33] 齐恒 submitted b'flag{I_love_jvc}' with kpm 0 [WRONG]
[06/15/2021 11:54:45] 齐恒 submitted b'flag{I_LOVE_JVC}' with kpm 1 [WRONG]
[06/15/2021 11:55:35] 齐恒 submitted b'flag{I_Love_Jvc}' with kpm 1 [WRONG]
[06/15/2021 11:55:45] 齐恒 submitted b'flag{I_Love_Jnvc}' with kpm 1 [CORRECT]
[06/15/2021 12:07:05] 张建伟 submitted b'hc{_qgLx}niKNx_pe' with kpm 0 [WRONG]
[06/15/2021 12:07:29] 齐恒 submitted b'flag{qPcmzUoEvOu1riEc}' with kpm 0 [CORRECT]
[06/15/2021 12:36:04] 齐恒 submitted b'Flag: flag{1bc29b36f623ba82aaf6724fd3b16718}' with kpm 0 [WRONG]
[06/15/2021 12:36:12] 齐恒 submitted b'flag{1bc29b36f623ba82aaf6724fd3b16718}' with kpm 1 [CORRECT]
[06/15/2021 12:38:32] 齐恒 submitted b' flag{099fb995346f31c749f6e40db0f395e3}' with kpm 0 [CORRECT]
[06/15/2021 12:41:19] 齐恒 submitted b'flag:aegis{f97c5d29941bfb1b2fdab0874906ab82}' with kpm 0 [WRONG]
[06/15/2021 12:41:31] 齐恒 submitted b'flag{f97c5d29941bfb1b2fdab0874906ab82}' with kpm 1 [WRONG]
[06/15/2021 12:42:09] 齐恒 submitted b'aegis{f97c5d29941bfb1b2fdab0874906ab82}' with kpm 2 [CORRECT]
[06/15/2021 12:55:20] 宋镇 submitted b'flag{f97c5d29941bfb1b2fdab0874906ab82}' with kpm 0 [WRONG]
[06/15/2021 12:55:25] 宋镇 submitted b'flag{f97c5d29941bfb1b2fdab0874906ab82}' with kpm 1 [WRONG]
[06/15/2021 12:55:58] 宋镇 submitted b'aegis{f97c5d29941bfb1b2fdab0874906ab82}' with kpm 2 [CORRECT]
[06/16/2021 11:22:47] 宋镇 submitted b'flag{qPcmzUoEvOu1riEc}' with kpm 0 [CORRECT]
[06/16/2021 11:37:20] 张建伟 submitted b'flag{qPcmzUoEvOu1riEc}' with kpm 0 [CORRECT]
[06/16/2021 12:15:42] 宋镇 submitted b'flag{dj_eyb1v]l/sn/]v/c]v/c{}' with kpm 0 [WRONG]
[06/16/2021 12:29:01] 宋镇 submitted b'flag{d3x_n1up1_x1ex1e}' with kpm 0 [WRONG]
[06/16/2021 12:29:07] 宋镇 submitted b'flag{d3x_n1up1_x1ex1e}' with kpm 1 [WRONG]
[06/16/2021 12:29:21] 宋镇 submitted b'flag{d3x_n1up1_x1ex1e}' with kpm 2 [WRONG]
[06/16/2021 12:32:30] 宋镇 submitted b'flag{d3x_n1up1_x1e_x1e}' with kpm 0 [WRONG]
[06/16/2021 12:32:34] 宋镇 submitted b'flag{d3x_n1up1_x1e_x1e}' with kpm 1 [WRONG]
[06/16/2021 12:34:44] 宋镇 submitted b'flag{d3x_n1up1_x1e_x1e}' with kpm 0 [WRONG]
[06/16/2021 12:36:42] 宋镇 submitted b'flag{d3x_n1up1_x1e_x1e}' with kpm 0 [CORRECT]
[06/16/2021 13:01:28] 张建伟 submitted b'flag{099fb995346f31c749f6e40db0f395e3}' with kpm 0 [CORRECT]
[06/18/2021 10:58:54] 张建伟 submitted b'' with kpm 0 [WRONG]
[06/18/2021 10:58:58] 张建伟 submitted b'flag{d3x_n1up1_x1e_x1e}' with kpm 1 [CORRECT]
[06/18/2021 10:59:24] 宋镇 submitted b'flag{1bc29b36f623ba82aaf6724fd3b16718}' with kpm 0 [CORRECT]
[06/18/2021 11:02:45] 张建伟 submitted b'flag{f97c5d29941bfb1b2fdab0874906ab82}' with kpm 0 [WRONG]
[06/18/2021 11:02:53] 张建伟 submitted b'flag:aegis{f97c5d29941bfb1b2fdab0874906ab82}' with kpm 1 [WRONG]
[06/18/2021 11:03:13] 张建伟 submitted b'flag:{f97c5d29941bfb1b2fdab0874906ab82}' with kpm 2 [WRONG]
[06/18/2021 11:03:37] 张建伟 submitted b'aegis{f97c5d29941bfb1b2fdab0874906ab82}' with kpm 3 [CORRECT]
[06/18/2021 11:05:19] 张建伟 submitted b'falg{7130a26a-0db4-44b0-be57-7f21b439d881}' with kpm 0 [WRONG]
[06/18/2021 11:05:38] 张建伟 submitted b'falg{7130a26a-0db4-44b0-be57-7f21b439d881}' with kpm 1 [WRONG]
[06/18/2021 11:10:39] 张建伟 submitted b'flag{1bc29b36f623ba82aaf6724fd3b16718}' with kpm 0 [WRONG]
[06/18/2021 11:10:46] 张建伟 submitted b'flag{1bc29b36f623ba82aaf6724fd3b16718}' with kpm 1 [CORRECT]
[06/18/2021 11:13:48] 齐恒 submitted b'NSCTF{f6c631f294a64dbb1e963f427fdc725d}' with kpm 0 [CORRECT]
[06/18/2021 11:16:02] 张建伟 submitted b'falg{0dd14aae81d94904b3492117e2a3d4bf}' with kpm 0 [WRONG]
[06/18/2021 11:29:05] 齐恒 submitted b'flag{d3x_n1up1_x1e_x1e}' with kpm 0 [CORRECT]
[06/18/2021 11:31:48] 张建伟 submitted b'falg{92ab47-11dc-4183-be7b-34e7ea8b9c66}' with kpm 0 [WRONG]
[06/18/2021 11:32:02] 张建伟 submitted b'falg{0dd14aae81d94904b3492117e2a3d4bf}' with kpm 1 [WRONG]
[06/18/2021 11:40:35] 齐恒 submitted b'a:1:{s:12:"content_type";s:4:"home";}' with kpm 0 [WRONG]
[06/18/2021 11:40:42] 齐恒 submitted b'a1{s:12:"content_type";s:4:"home";}' with kpm 1 [WRONG]
[06/18/2021 11:40:56] 齐恒 submitted b'a1{s12"content_type"s4"home"}' with kpm 2 [WRONG]
[06/18/2021 11:41:03] 齐恒 submitted b'a1{s12content_types4home}' with kpm 3 [WRONG]
[06/18/2021 11:43:00] 张建伟 submitted b'falg{0dd14aae81d94904b3492117e2a3d4df}' with kpm 0 [WRONG]
[06/18/2021 11:50:10] 宋镇 submitted b'base64$IFS$1-d|python3' with kpm 0 [WRONG]
[06/18/2021 11:50:32] 宋镇 submitted b'flag{f273e20f-2a0f-4914-9961-5acc4026f7f5}' with kpm 1 [WRONG]
[06/18/2021 11:52:22] 张建伟 submitted b'flag{8946e1ff1ee3e40f}' with kpm 0 [WRONG]
[06/18/2021 11:55:48] 张建伟 submitted b'flag{0dd14aae81d94904b3492117e2a3d4df}' with kpm 0 [WRONG]
[06/18/2021 11:56:31] 张建伟 submitted b'flag {0dd14aae81d94904b3492117e2a3d4df}' with kpm 1 [WRONG]
[06/18/2021 11:59:15] 张建伟 submitted b'flag{0dd14aaae81d94904b3492117e2a3d4df}' with kpm 0 [WRONG]
[06/18/2021 11:59:32] 宋镇 submitted b'flag{Icmp_backdoor_can_transfer-some_infomation}' with kpm 0 [WRONG]
[06/18/2021 12:47:23] 齐恒 submitted b'flag{3819169573b7a37786d2ea39c6daef76}' with kpm 0 [CORRECT]
[06/18/2021 12:56:27] 张建伟 submitted b'flag{K_Nqxg_Lpxe}' with kpm 0 [WRONG]
[06/18/2021 12:56:33] 张建伟 submitted b'hnci{K_Nqxg_Lpxe}' with kpm 1 [WRONG]
[06/18/2021 12:56:43] 张建伟 submitted b'flag hnci{K_Nqxg_Lpxe}' with kpm 2 [WRONG]
[06/18/2021 12:56:45] 张建伟 submitted b'flaghnci{K_Nqxg_Lpxe}' with kpm 3 [WRONG]
[06/18/2021 12:56:46] 张建伟 submitted b'flaghnci{K_Nqxg_Lpxe}' with kpm 4 [WRONG]
[06/18/2021 12:56:46] 张建伟 submitted b'flaghnci{K_Nqxg_Lpxe}' with kpm 5 [WRONG]
[06/18/2021 12:57:04] 张建伟 submitted b'flag{K_Nqxg_Lpxe}' with kpm 6 [WRONG]
[06/18/2021 12:57:30] 张建伟 submitted b'flag{K_Nqxg_Lpxe}' with kpm 6 [WRONG]
[06/18/2021 12:57:45] 张建伟 submitted b'flag{K_Nqxg_Lpxe}' with kpm 4 [WRONG]
[06/18/2021 12:58:13] 张建伟 submitted b'hnci{K_Nqxg_Lpxe}' with kpm 2 [WRONG]
[06/18/2021 12:58:40] 张建伟 submitted b'hnci{K_Nqxg_Lpxe}' with kpm 2 [WRONG]
[06/18/2021 12:59:14] 张建伟 submitted b'flag{K_Nqxg_Lpxe}' with kpm 1 [WRONG]
[06/18/2021 13:01:48] 张建伟 submitted b'hnci{K_Nqxg_Lpxe}' with kpm 0 [WRONG]
[06/18/2021 13:03:29] 张建伟 submitted b'hnci{K_Nqxg_Lpxe}' with kpm 0 [WRONG]
[06/18/2021 13:07:35] 张建伟 submitted b'hnci{K_Nqxg_Lpxe}' with kpm 0 [WRONG]
[06/18/2021 13:07:49] 张建伟 submitted b'flag{K_Nqxg_Lpxe}' with kpm 1 [WRONG]
[06/18/2021 13:13:02] 张建伟 submitted b'flaghnci{K_Nqxg_Lpxe}' with kpm 0 [WRONG]
[06/18/2021 13:13:14] 张建伟 submitted b'flag hnci{K_Nqxg_Lpxe}' with kpm 1 [WRONG]
[06/18/2021 13:13:25] 张建伟 submitted b'flag{K_Nqxg_Lpxe}' with kpm 2 [WRONG]
[06/18/2021 13:13:34] 张建伟 submitted b'hnci{K_Nqxg_Lpxe}' with kpm 3 [WRONG]
[06/18/2021 13:14:49] 张建伟 submitted b'flag{H_Knud_Imub}' with kpm 0 [WRONG]
